[2024-10-06 12:52:12] laravel.EMERGENCY: Unable to create configured logger. Using emergency logger. {"exception":"[object] (InvalidArgumentException(code: 0): Log [] is not defined. at C:\\Users\\maean\\OneDrive\\Desktop\\Documents\\GitHub\\WebDev_GroupLab4\\vendor\\laravel\\framework\\src\\Illuminate\\Log\\LogManager.php:231)
[stacktrace]
#0 C:\\Users\\maean\\OneDrive\\Desktop\\Documents\\GitHub\\WebDev_GroupLab4\\vendor\\laravel\\framework\\src\\Illuminate\\Log\\LogManager.php(138): Illuminate\\Log\\LogManager->resolve(NULL, NULL)
#1 C:\\Users\\maean\\OneDrive\\Desktop\\Documents\\GitHub\\WebDev_GroupLab4\\vendor\\laravel\\framework\\src\\Illuminate\\Log\\LogManager.php(125): Illuminate\\Log\\LogManager->get(NULL)
#2 C:\\Users\\maean\\OneDrive\\Desktop\\Documents\\GitHub\\WebDev_GroupLab4\\vendor\\laravel\\framework\\src\\Illuminate\\Log\\LogManager.php(700): Illuminate\\Log\\LogManager->driver()
#3 C:\\Users\\maean\\OneDrive\\Desktop\\Documents\\GitHub\\WebDev_GroupLab4\\vendor\\laravel\\framework\\src\\Illuminate\\Foundation\\Exceptions\\Handler.php(378): Illuminate\\Log\\LogManager->error('syntax error, u...', Array)
#4 C:\\Users\\maean\\OneDrive\\Desktop\\Documents\\GitHub\\WebDev_GroupLab4\\vendor\\laravel\\framework\\src\\Illuminate\\Foundation\\Exceptions\\Handler.php(339): Illuminate\\Foundation\\Exceptions\\Handler->reportThrowable(Object(ParseError))
#5 C:\\Users\\maean\\OneDrive\\Desktop\\Documents\\GitHub\\WebDev_GroupLab4\\vendor\\laravel\\framework\\src\\Illuminate\\Foundation\\Http\\Kernel.php(500): Illuminate\\Foundation\\Exceptions\\Handler->report(Object(ParseError))
#6 C:\\Users\\maean\\OneDrive\\Desktop\\Documents\\GitHub\\WebDev_GroupLab4\\vendor\\laravel\\framework\\src\\Illuminate\\Foundation\\Http\\Kernel.php(147): Illuminate\\Foundation\\Http\\Kernel->reportException(Object(ParseError))
#7 C:\\Users\\maean\\OneDrive\\Desktop\\Documents\\GitHub\\WebDev_GroupLab4\\vendor\\laravel\\framework\\src\\Illuminate\\Foundation\\Application.php(1188): Illuminate\\Foundation\\Http\\Kernel->handle(Object(Illuminate\\Http\\Request))
#8 C:\\Users\\maean\\OneDrive\\Desktop\\Documents\\GitHub\\WebDev_GroupLab4\\public\\index.php(17): Illuminate\\Foundation\\Application->handleRequest(Object(Illuminate\\Http\\Request))
#9 C:\\Users\\maean\\OneDrive\\Desktop\\Documents\\GitHub\\WebDev_GroupLab4\\vendor\\laravel\\framework\\src\\Illuminate\\Foundation\\resources\\server.php(23): require_once('C:\\\\Users\\\\maean\\\\...')
#10 {main}
"} 
[2024-10-06 12:52:12] laravel.ERROR: syntax error, unexpected single-quoted string "locale", expecting "]" {"exception":"[object] (ParseError(code: 0): syntax error, unexpected single-quoted string \"locale\", expecting \"]\" at C:\\Users\\maean\\OneDrive\\Desktop\\Documents\\GitHub\\WebDev_GroupLab4\\config\\app.php:81)
[stacktrace]
#0 C:\\Users\\maean\\OneDrive\\Desktop\\Documents\\GitHub\\WebDev_GroupLab4\\vendor\\laravel\\framework\\src\\Illuminate\\Foundation\\Bootstrap\\LoadConfiguration.php(77): Illuminate\\Foundation\\Bootstrap\\LoadConfiguration->loadConfigurationFile(Object(Illuminate\\Config\\Repository), 'app', 'C:\\\\Users\\\\maean\\\\...', Array)
#1 C:\\Users\\maean\\OneDrive\\Desktop\\Documents\\GitHub\\WebDev_GroupLab4\\vendor\\laravel\\framework\\src\\Illuminate\\Foundation\\Bootstrap\\LoadConfiguration.php(38): Illuminate\\Foundation\\Bootstrap\\LoadConfiguration->loadConfigurationFiles(Object(Illuminate\\Foundation\\Application), Object(Illuminate\\Config\\Repository))
#2 C:\\Users\\maean\\OneDrive\\Desktop\\Documents\\GitHub\\WebDev_GroupLab4\\vendor\\laravel\\framework\\src\\Illuminate\\Foundation\\Application.php(316): Illuminate\\Foundation\\Bootstrap\\LoadConfiguration->bootstrap(Object(Illuminate\\Foundation\\Application))
#3 C:\\Users\\maean\\OneDrive\\Desktop\\Documents\\GitHub\\WebDev_GroupLab4\\vendor\\laravel\\framework\\src\\Illuminate\\Foundation\\Http\\Kernel.php(187): Illuminate\\Foundation\\Application->bootstrapWith(Array)
#4 C:\\Users\\maean\\OneDrive\\Desktop\\Documents\\GitHub\\WebDev_GroupLab4\\vendor\\laravel\\framework\\src\\Illuminate\\Foundation\\Http\\Kernel.php(171): Illuminate\\Foundation\\Http\\Kernel->bootstrap()
#5 C:\\Users\\maean\\OneDrive\\Desktop\\Documents\\GitHub\\WebDev_GroupLab4\\vendor\\laravel\\framework\\src\\Illuminate\\Foundation\\Http\\Kernel.php(145): Illuminate\\Foundation\\Http\\Kernel->sendRequestThroughRouter(Object(Illuminate\\Http\\Request))
#6 C:\\Users\\maean\\OneDrive\\Desktop\\Documents\\GitHub\\WebDev_GroupLab4\\vendor\\laravel\\framework\\src\\Illuminate\\Foundation\\Application.php(1188): Illuminate\\Foundation\\Http\\Kernel->handle(Object(Illuminate\\Http\\Request))
#7 C:\\Users\\maean\\OneDrive\\Desktop\\Documents\\GitHub\\WebDev_GroupLab4\\public\\index.php(17): Illuminate\\Foundation\\Application->handleRequest(Object(Illuminate\\Http\\Request))
#8 C:\\Users\\maean\\OneDrive\\Desktop\\Documents\\GitHub\\WebDev_GroupLab4\\vendor\\laravel\\framework\\src\\Illuminate\\Foundation\\resources\\server.php(23): require_once('C:\\\\Users\\\\maean\\\\...')
#9 {main}
"} 
[2024-10-06 12:52:15] laravel.EMERGENCY: Unable to create configured logger. Using emergency logger. {"exception":"[object] (InvalidArgumentException(code: 0): Log [] is not defined. at C:\\Users\\maean\\OneDrive\\Desktop\\Documents\\GitHub\\WebDev_GroupLab4\\vendor\\laravel\\framework\\src\\Illuminate\\Log\\LogManager.php:231)
[stacktrace]
#0 C:\\Users\\maean\\OneDrive\\Desktop\\Documents\\GitHub\\WebDev_GroupLab4\\vendor\\laravel\\framework\\src\\Illuminate\\Log\\LogManager.php(138): Illuminate\\Log\\LogManager->resolve(NULL, NULL)
#1 C:\\Users\\maean\\OneDrive\\Desktop\\Documents\\GitHub\\WebDev_GroupLab4\\vendor\\laravel\\framework\\src\\Illuminate\\Log\\LogManager.php(125): Illuminate\\Log\\LogManager->get(NULL)
#2 C:\\Users\\maean\\OneDrive\\Desktop\\Documents\\GitHub\\WebDev_GroupLab4\\vendor\\laravel\\framework\\src\\Illuminate\\Log\\LogManager.php(700): Illuminate\\Log\\LogManager->driver()
#3 C:\\Users\\maean\\OneDrive\\Desktop\\Documents\\GitHub\\WebDev_GroupLab4\\vendor\\laravel\\framework\\src\\Illuminate\\Foundation\\Exceptions\\Handler.php(378): Illuminate\\Log\\LogManager->error('syntax error, u...', Array)
#4 C:\\Users\\maean\\OneDrive\\Desktop\\Documents\\GitHub\\WebDev_GroupLab4\\vendor\\laravel\\framework\\src\\Illuminate\\Foundation\\Exceptions\\Handler.php(339): Illuminate\\Foundation\\Exceptions\\Handler->reportThrowable(Object(ParseError))
#5 C:\\Users\\maean\\OneDrive\\Desktop\\Documents\\GitHub\\WebDev_GroupLab4\\vendor\\laravel\\framework\\src\\Illuminate\\Foundation\\Http\\Kernel.php(500): Illuminate\\Foundation\\Exceptions\\Handler->report(Object(ParseError))
#6 C:\\Users\\maean\\OneDrive\\Desktop\\Documents\\GitHub\\WebDev_GroupLab4\\vendor\\laravel\\framework\\src\\Illuminate\\Foundation\\Http\\Kernel.php(147): Illuminate\\Foundation\\Http\\Kernel->reportException(Object(ParseError))
#7 C:\\Users\\maean\\OneDrive\\Desktop\\Documents\\GitHub\\WebDev_GroupLab4\\vendor\\laravel\\framework\\src\\Illuminate\\Foundation\\Application.php(1188): Illuminate\\Foundation\\Http\\Kernel->handle(Object(Illuminate\\Http\\Request))
#8 C:\\Users\\maean\\OneDrive\\Desktop\\Documents\\GitHub\\WebDev_GroupLab4\\public\\index.php(17): Illuminate\\Foundation\\Application->handleRequest(Object(Illuminate\\Http\\Request))
#9 C:\\Users\\maean\\OneDrive\\Desktop\\Documents\\GitHub\\WebDev_GroupLab4\\vendor\\laravel\\framework\\src\\Illuminate\\Foundation\\resources\\server.php(23): require_once('C:\\\\Users\\\\maean\\\\...')
#10 {main}
"} 
[2024-10-06 12:52:15] laravel.ERROR: syntax error, unexpected single-quoted string "locale", expecting "]" {"exception":"[object] (ParseError(code: 0): syntax error, unexpected single-quoted string \"locale\", expecting \"]\" at C:\\Users\\maean\\OneDrive\\Desktop\\Documents\\GitHub\\WebDev_GroupLab4\\config\\app.php:81)
[stacktrace]
#0 C:\\Users\\maean\\OneDrive\\Desktop\\Documents\\GitHub\\WebDev_GroupLab4\\vendor\\laravel\\framework\\src\\Illuminate\\Foundation\\Bootstrap\\LoadConfiguration.php(77): Illuminate\\Foundation\\Bootstrap\\LoadConfiguration->loadConfigurationFile(Object(Illuminate\\Config\\Repository), 'app', 'C:\\\\Users\\\\maean\\\\...', Array)
#1 C:\\Users\\maean\\OneDrive\\Desktop\\Documents\\GitHub\\WebDev_GroupLab4\\vendor\\laravel\\framework\\src\\Illuminate\\Foundation\\Bootstrap\\LoadConfiguration.php(38): Illuminate\\Foundation\\Bootstrap\\LoadConfiguration->loadConfigurationFiles(Object(Illuminate\\Foundation\\Application), Object(Illuminate\\Config\\Repository))
#2 C:\\Users\\maean\\OneDrive\\Desktop\\Documents\\GitHub\\WebDev_GroupLab4\\vendor\\laravel\\framework\\src\\Illuminate\\Foundation\\Application.php(316): Illuminate\\Foundation\\Bootstrap\\LoadConfiguration->bootstrap(Object(Illuminate\\Foundation\\Application))
#3 C:\\Users\\maean\\OneDrive\\Desktop\\Documents\\GitHub\\WebDev_GroupLab4\\vendor\\laravel\\framework\\src\\Illuminate\\Foundation\\Http\\Kernel.php(187): Illuminate\\Foundation\\Application->bootstrapWith(Array)
#4 C:\\Users\\maean\\OneDrive\\Desktop\\Documents\\GitHub\\WebDev_GroupLab4\\vendor\\laravel\\framework\\src\\Illuminate\\Foundation\\Http\\Kernel.php(171): Illuminate\\Foundation\\Http\\Kernel->bootstrap()
#5 C:\\Users\\maean\\OneDrive\\Desktop\\Documents\\GitHub\\WebDev_GroupLab4\\vendor\\laravel\\framework\\src\\Illuminate\\Foundation\\Http\\Kernel.php(145): Illuminate\\Foundation\\Http\\Kernel->sendRequestThroughRouter(Object(Illuminate\\Http\\Request))
#6 C:\\Users\\maean\\OneDrive\\Desktop\\Documents\\GitHub\\WebDev_GroupLab4\\vendor\\laravel\\framework\\src\\Illuminate\\Foundation\\Application.php(1188): Illuminate\\Foundation\\Http\\Kernel->handle(Object(Illuminate\\Http\\Request))
#7 C:\\Users\\maean\\OneDrive\\Desktop\\Documents\\GitHub\\WebDev_GroupLab4\\public\\index.php(17): Illuminate\\Foundation\\Application->handleRequest(Object(Illuminate\\Http\\Request))
#8 C:\\Users\\maean\\OneDrive\\Desktop\\Documents\\GitHub\\WebDev_GroupLab4\\vendor\\laravel\\framework\\src\\Illuminate\\Foundation\\resources\\server.php(23): require_once('C:\\\\Users\\\\maean\\\\...')
#9 {main}
"} 
[2024-10-06 12:52:17] laravel.EMERGENCY: Unable to create configured logger. Using emergency logger. {"exception":"[object] (InvalidArgumentException(code: 0): Log [] is not defined. at C:\\Users\\maean\\OneDrive\\Desktop\\Documents\\GitHub\\WebDev_GroupLab4\\vendor\\laravel\\framework\\src\\Illuminate\\Log\\LogManager.php:231)
[stacktrace]
#0 C:\\Users\\maean\\OneDrive\\Desktop\\Documents\\GitHub\\WebDev_GroupLab4\\vendor\\laravel\\framework\\src\\Illuminate\\Log\\LogManager.php(138): Illuminate\\Log\\LogManager->resolve(NULL, NULL)
#1 C:\\Users\\maean\\OneDrive\\Desktop\\Documents\\GitHub\\WebDev_GroupLab4\\vendor\\laravel\\framework\\src\\Illuminate\\Log\\LogManager.php(125): Illuminate\\Log\\LogManager->get(NULL)
#2 C:\\Users\\maean\\OneDrive\\Desktop\\Documents\\GitHub\\WebDev_GroupLab4\\vendor\\laravel\\framework\\src\\Illuminate\\Log\\LogManager.php(700): Illuminate\\Log\\LogManager->driver()
#3 C:\\Users\\maean\\OneDrive\\Desktop\\Documents\\GitHub\\WebDev_GroupLab4\\vendor\\laravel\\framework\\src\\Illuminate\\Foundation\\Exceptions\\Handler.php(378): Illuminate\\Log\\LogManager->error('syntax error, u...', Array)
#4 C:\\Users\\maean\\OneDrive\\Desktop\\Documents\\GitHub\\WebDev_GroupLab4\\vendor\\laravel\\framework\\src\\Illuminate\\Foundation\\Exceptions\\Handler.php(339): Illuminate\\Foundation\\Exceptions\\Handler->reportThrowable(Object(ParseError))
#5 C:\\Users\\maean\\OneDrive\\Desktop\\Documents\\GitHub\\WebDev_GroupLab4\\vendor\\laravel\\framework\\src\\Illuminate\\Foundation\\Http\\Kernel.php(500): Illuminate\\Foundation\\Exceptions\\Handler->report(Object(ParseError))
#6 C:\\Users\\maean\\OneDrive\\Desktop\\Documents\\GitHub\\WebDev_GroupLab4\\vendor\\laravel\\framework\\src\\Illuminate\\Foundation\\Http\\Kernel.php(147): Illuminate\\Foundation\\Http\\Kernel->reportException(Object(ParseError))
#7 C:\\Users\\maean\\OneDrive\\Desktop\\Documents\\GitHub\\WebDev_GroupLab4\\vendor\\laravel\\framework\\src\\Illuminate\\Foundation\\Application.php(1188): Illuminate\\Foundation\\Http\\Kernel->handle(Object(Illuminate\\Http\\Request))
#8 C:\\Users\\maean\\OneDrive\\Desktop\\Documents\\GitHub\\WebDev_GroupLab4\\public\\index.php(17): Illuminate\\Foundation\\Application->handleRequest(Object(Illuminate\\Http\\Request))
#9 C:\\Users\\maean\\OneDrive\\Desktop\\Documents\\GitHub\\WebDev_GroupLab4\\vendor\\laravel\\framework\\src\\Illuminate\\Foundation\\resources\\server.php(23): require_once('C:\\\\Users\\\\maean\\\\...')
#10 {main}
"} 
[2024-10-06 12:52:17] laravel.ERROR: syntax error, unexpected single-quoted string "locale", expecting "]" {"exception":"[object] (ParseError(code: 0): syntax error, unexpected single-quoted string \"locale\", expecting \"]\" at C:\\Users\\maean\\OneDrive\\Desktop\\Documents\\GitHub\\WebDev_GroupLab4\\config\\app.php:81)
[stacktrace]
#0 C:\\Users\\maean\\OneDrive\\Desktop\\Documents\\GitHub\\WebDev_GroupLab4\\vendor\\laravel\\framework\\src\\Illuminate\\Foundation\\Bootstrap\\LoadConfiguration.php(77): Illuminate\\Foundation\\Bootstrap\\LoadConfiguration->loadConfigurationFile(Object(Illuminate\\Config\\Repository), 'app', 'C:\\\\Users\\\\maean\\\\...', Array)
#1 C:\\Users\\maean\\OneDrive\\Desktop\\Documents\\GitHub\\WebDev_GroupLab4\\vendor\\laravel\\framework\\src\\Illuminate\\Foundation\\Bootstrap\\LoadConfiguration.php(38): Illuminate\\Foundation\\Bootstrap\\LoadConfiguration->loadConfigurationFiles(Object(Illuminate\\Foundation\\Application), Object(Illuminate\\Config\\Repository))
#2 C:\\Users\\maean\\OneDrive\\Desktop\\Documents\\GitHub\\WebDev_GroupLab4\\vendor\\laravel\\framework\\src\\Illuminate\\Foundation\\Application.php(316): Illuminate\\Foundation\\Bootstrap\\LoadConfiguration->bootstrap(Object(Illuminate\\Foundation\\Application))
#3 C:\\Users\\maean\\OneDrive\\Desktop\\Documents\\GitHub\\WebDev_GroupLab4\\vendor\\laravel\\framework\\src\\Illuminate\\Foundation\\Http\\Kernel.php(187): Illuminate\\Foundation\\Application->bootstrapWith(Array)
#4 C:\\Users\\maean\\OneDrive\\Desktop\\Documents\\GitHub\\WebDev_GroupLab4\\vendor\\laravel\\framework\\src\\Illuminate\\Foundation\\Http\\Kernel.php(171): Illuminate\\Foundation\\Http\\Kernel->bootstrap()
#5 C:\\Users\\maean\\OneDrive\\Desktop\\Documents\\GitHub\\WebDev_GroupLab4\\vendor\\laravel\\framework\\src\\Illuminate\\Foundation\\Http\\Kernel.php(145): Illuminate\\Foundation\\Http\\Kernel->sendRequestThroughRouter(Object(Illuminate\\Http\\Request))
#6 C:\\Users\\maean\\OneDrive\\Desktop\\Documents\\GitHub\\WebDev_GroupLab4\\vendor\\laravel\\framework\\src\\Illuminate\\Foundation\\Application.php(1188): Illuminate\\Foundation\\Http\\Kernel->handle(Object(Illuminate\\Http\\Request))
#7 C:\\Users\\maean\\OneDrive\\Desktop\\Documents\\GitHub\\WebDev_GroupLab4\\public\\index.php(17): Illuminate\\Foundation\\Application->handleRequest(Object(Illuminate\\Http\\Request))
#8 C:\\Users\\maean\\OneDrive\\Desktop\\Documents\\GitHub\\WebDev_GroupLab4\\vendor\\laravel\\framework\\src\\Illuminate\\Foundation\\resources\\server.php(23): require_once('C:\\\\Users\\\\maean\\\\...')
#9 {main}
"} 
[2024-10-06 12:52:24] laravel.EMERGENCY: Unable to create configured logger. Using emergency logger. {"exception":"[object] (InvalidArgumentException(code: 0): Log [] is not defined. at C:\\Users\\maean\\OneDrive\\Desktop\\Documents\\GitHub\\WebDev_GroupLab4\\vendor\\laravel\\framework\\src\\Illuminate\\Log\\LogManager.php:231)
[stacktrace]
#0 C:\\Users\\maean\\OneDrive\\Desktop\\Documents\\GitHub\\WebDev_GroupLab4\\vendor\\laravel\\framework\\src\\Illuminate\\Log\\LogManager.php(138): Illuminate\\Log\\LogManager->resolve(NULL, NULL)
#1 C:\\Users\\maean\\OneDrive\\Desktop\\Documents\\GitHub\\WebDev_GroupLab4\\vendor\\laravel\\framework\\src\\Illuminate\\Log\\LogManager.php(125): Illuminate\\Log\\LogManager->get(NULL)
#2 C:\\Users\\maean\\OneDrive\\Desktop\\Documents\\GitHub\\WebDev_GroupLab4\\vendor\\laravel\\framework\\src\\Illuminate\\Log\\LogManager.php(700): Illuminate\\Log\\LogManager->driver()
#3 C:\\Users\\maean\\OneDrive\\Desktop\\Documents\\GitHub\\WebDev_GroupLab4\\vendor\\laravel\\framework\\src\\Illuminate\\Foundation\\Exceptions\\Handler.php(378): Illuminate\\Log\\LogManager->error('syntax error, u...', Array)
#4 C:\\Users\\maean\\OneDrive\\Desktop\\Documents\\GitHub\\WebDev_GroupLab4\\vendor\\laravel\\framework\\src\\Illuminate\\Foundation\\Exceptions\\Handler.php(339): Illuminate\\Foundation\\Exceptions\\Handler->reportThrowable(Object(ParseError))
#5 C:\\Users\\maean\\OneDrive\\Desktop\\Documents\\GitHub\\WebDev_GroupLab4\\vendor\\laravel\\framework\\src\\Illuminate\\Foundation\\Http\\Kernel.php(500): Illuminate\\Foundation\\Exceptions\\Handler->report(Object(ParseError))
#6 C:\\Users\\maean\\OneDrive\\Desktop\\Documents\\GitHub\\WebDev_GroupLab4\\vendor\\laravel\\framework\\src\\Illuminate\\Foundation\\Http\\Kernel.php(147): Illuminate\\Foundation\\Http\\Kernel->reportException(Object(ParseError))
#7 C:\\Users\\maean\\OneDrive\\Desktop\\Documents\\GitHub\\WebDev_GroupLab4\\vendor\\laravel\\framework\\src\\Illuminate\\Foundation\\Application.php(1188): Illuminate\\Foundation\\Http\\Kernel->handle(Object(Illuminate\\Http\\Request))
#8 C:\\Users\\maean\\OneDrive\\Desktop\\Documents\\GitHub\\WebDev_GroupLab4\\public\\index.php(17): Illuminate\\Foundation\\Application->handleRequest(Object(Illuminate\\Http\\Request))
#9 C:\\Users\\maean\\OneDrive\\Desktop\\Documents\\GitHub\\WebDev_GroupLab4\\vendor\\laravel\\framework\\src\\Illuminate\\Foundation\\resources\\server.php(23): require_once('C:\\\\Users\\\\maean\\\\...')
#10 {main}
"} 
[2024-10-06 12:52:24] laravel.ERROR: syntax error, unexpected single-quoted string "locale", expecting "]" {"exception":"[object] (ParseError(code: 0): syntax error, unexpected single-quoted string \"locale\", expecting \"]\" at C:\\Users\\maean\\OneDrive\\Desktop\\Documents\\GitHub\\WebDev_GroupLab4\\config\\app.php:81)
[stacktrace]
#0 C:\\Users\\maean\\OneDrive\\Desktop\\Documents\\GitHub\\WebDev_GroupLab4\\vendor\\laravel\\framework\\src\\Illuminate\\Foundation\\Bootstrap\\LoadConfiguration.php(77): Illuminate\\Foundation\\Bootstrap\\LoadConfiguration->loadConfigurationFile(Object(Illuminate\\Config\\Repository), 'app', 'C:\\\\Users\\\\maean\\\\...', Array)
#1 C:\\Users\\maean\\OneDrive\\Desktop\\Documents\\GitHub\\WebDev_GroupLab4\\vendor\\laravel\\framework\\src\\Illuminate\\Foundation\\Bootstrap\\LoadConfiguration.php(38): Illuminate\\Foundation\\Bootstrap\\LoadConfiguration->loadConfigurationFiles(Object(Illuminate\\Foundation\\Application), Object(Illuminate\\Config\\Repository))
#2 C:\\Users\\maean\\OneDrive\\Desktop\\Documents\\GitHub\\WebDev_GroupLab4\\vendor\\laravel\\framework\\src\\Illuminate\\Foundation\\Application.php(316): Illuminate\\Foundation\\Bootstrap\\LoadConfiguration->bootstrap(Object(Illuminate\\Foundation\\Application))
#3 C:\\Users\\maean\\OneDrive\\Desktop\\Documents\\GitHub\\WebDev_GroupLab4\\vendor\\laravel\\framework\\src\\Illuminate\\Foundation\\Http\\Kernel.php(187): Illuminate\\Foundation\\Application->bootstrapWith(Array)
#4 C:\\Users\\maean\\OneDrive\\Desktop\\Documents\\GitHub\\WebDev_GroupLab4\\vendor\\laravel\\framework\\src\\Illuminate\\Foundation\\Http\\Kernel.php(171): Illuminate\\Foundation\\Http\\Kernel->bootstrap()
#5 C:\\Users\\maean\\OneDrive\\Desktop\\Documents\\GitHub\\WebDev_GroupLab4\\vendor\\laravel\\framework\\src\\Illuminate\\Foundation\\Http\\Kernel.php(145): Illuminate\\Foundation\\Http\\Kernel->sendRequestThroughRouter(Object(Illuminate\\Http\\Request))
#6 C:\\Users\\maean\\OneDrive\\Desktop\\Documents\\GitHub\\WebDev_GroupLab4\\vendor\\laravel\\framework\\src\\Illuminate\\Foundation\\Application.php(1188): Illuminate\\Foundation\\Http\\Kernel->handle(Object(Illuminate\\Http\\Request))
#7 C:\\Users\\maean\\OneDrive\\Desktop\\Documents\\GitHub\\WebDev_GroupLab4\\public\\index.php(17): Illuminate\\Foundation\\Application->handleRequest(Object(Illuminate\\Http\\Request))
#8 C:\\Users\\maean\\OneDrive\\Desktop\\Documents\\GitHub\\WebDev_GroupLab4\\vendor\\laravel\\framework\\src\\Illuminate\\Foundation\\resources\\server.php(23): require_once('C:\\\\Users\\\\maean\\\\...')
#9 {main}
"} 
[2024-10-06 21:32:48] local.ERROR: 5 arguments are required, 4 given {"exception":"[object] (ArgumentCountError(code: 0): 5 arguments are required, 4 given at C:\\Users\\maean\\OneDrive\\Desktop\\Documents\\GitHub\\WebDev_GroupLab4\\app\\Http\\Middleware\\LogRequests.php:14)
[stacktrace]
#0 C:\\Users\\maean\\OneDrive\\Desktop\\Documents\\GitHub\\WebDev_GroupLab4\\app\\Http\\Middleware\\LogRequests.php(14): sprintf('[%s] %s: %s, Ag...', '2024-10-06 21:3...', 'GET', 'http://127.0.0....')
#1 C:\\Users\\maean\\OneDrive\\Desktop\\Documents\\GitHub\\WebDev_GroupLab4\\vendor\\laravel\\framework\\src\\Illuminate\\Pipeline\\Pipeline.php(183): App\\Http\\Middleware\\LogRequests->handle(Object(Illuminate\\Http\\Request), Object(Closure))
#2 C:\\Users\\maean\\OneDrive\\Desktop\\Documents\\GitHub\\WebDev_GroupLab4\\vendor\\laravel\\framework\\src\\Illuminate\\Routing\\Middleware\\SubstituteBindings.php(51): Illuminate\\Pipeline\\Pipeline->Illuminate\\Pipeline\\{closure}(Object(Illuminate\\Http\\Request))
#3 C:\\Users\\maean\\OneDrive\\Desktop\\Documents\\GitHub\\WebDev_GroupLab4\\vendor\\laravel\\framework\\src\\Illuminate\\Pipeline\\Pipeline.php(183): Illuminate\\Routing\\Middleware\\SubstituteBindings->handle(Object(Illuminate\\Http\\Request), Object(Closure))
#4 C:\\Users\\maean\\OneDrive\\Desktop\\Documents\\GitHub\\WebDev_GroupLab4\\vendor\\laravel\\framework\\src\\Illuminate\\Foundation\\Http\\Middleware\\VerifyCsrfToken.php(88): Illuminate\\Pipeline\\Pipeline->Illuminate\\Pipeline\\{closure}(Object(Illuminate\\Http\\Request))
#5 C:\\Users\\maean\\OneDrive\\Desktop\\Documents\\GitHub\\WebDev_GroupLab4\\vendor\\laravel\\framework\\src\\Illuminate\\Pipeline\\Pipeline.php(183): Illuminate\\Foundation\\Http\\Middleware\\VerifyCsrfToken->handle(Object(Illuminate\\Http\\Request), Object(Closure))
#6 C:\\Users\\maean\\OneDrive\\Desktop\\Documents\\GitHub\\WebDev_GroupLab4\\vendor\\laravel\\framework\\src\\Illuminate\\View\\Middleware\\ShareErrorsFromSession.php(49): Illuminate\\Pipeline\\Pipeline->Illuminate\\Pipeline\\{closure}(Object(Illuminate\\Http\\Request))
#7 C:\\Users\\maean\\OneDrive\\Desktop\\Documents\\GitHub\\WebDev_GroupLab4\\vendor\\laravel\\framework\\src\\Illuminate\\Pipeline\\Pipeline.php(183): Illuminate\\View\\Middleware\\ShareErrorsFromSession->handle(Object(Illuminate\\Http\\Request), Object(Closure))
#8 C:\\Users\\maean\\OneDrive\\Desktop\\Documents\\GitHub\\WebDev_GroupLab4\\vendor\\laravel\\framework\\src\\Illuminate\\Session\\Middleware\\StartSession.php(121): Illuminate\\Pipeline\\Pipeline->Illuminate\\Pipeline\\{closure}(Object(Illuminate\\Http\\Request))
#9 C:\\Users\\maean\\OneDrive\\Desktop\\Documents\\GitHub\\WebDev_GroupLab4\\vendor\\laravel\\framework\\src\\Illuminate\\Session\\Middleware\\StartSession.php(64): Illuminate\\Session\\Middleware\\StartSession->handleStatefulRequest(Object(Illuminate\\Http\\Request), Object(Illuminate\\Session\\Store), Object(Closure))
#10 C:\\Users\\maean\\OneDrive\\Desktop\\Documents\\GitHub\\WebDev_GroupLab4\\vendor\\laravel\\framework\\src\\Illuminate\\Pipeline\\Pipeline.php(183): Illuminate\\Session\\Middleware\\StartSession->handle(Object(Illuminate\\Http\\Request), Object(Closure))
#11 C:\\Users\\maean\\OneDrive\\Desktop\\Documents\\GitHub\\WebDev_GroupLab4\\vendor\\laravel\\framework\\src\\Illuminate\\Cookie\\Middleware\\AddQueuedCookiesToResponse.php(37): Illuminate\\Pipeline\\Pipeline->Illuminate\\Pipeline\\{closure}(Object(Illuminate\\Http\\Request))
#12 C:\\Users\\maean\\OneDrive\\Desktop\\Documents\\GitHub\\WebDev_GroupLab4\\vendor\\laravel\\framework\\src\\Illuminate\\Pipeline\\Pipeline.php(183): Illuminate\\Cookie\\Middleware\\AddQueuedCookiesToResponse->handle(Object(Illuminate\\Http\\Request), Object(Closure))
#13 C:\\Users\\maean\\OneDrive\\Desktop\\Documents\\GitHub\\WebDev_GroupLab4\\vendor\\laravel\\framework\\src\\Illuminate\\Cookie\\Middleware\\EncryptCookies.php(75): Illuminate\\Pipeline\\Pipeline->Illuminate\\Pipeline\\{closure}(Object(Illuminate\\Http\\Request))
#14 C:\\Users\\maean\\OneDrive\\Desktop\\Documents\\GitHub\\WebDev_GroupLab4\\vendor\\laravel\\framework\\src\\Illuminate\\Pipeline\\Pipeline.php(183): Illuminate\\Cookie\\Middleware\\EncryptCookies->handle(Object(Illuminate\\Http\\Request), Object(Closure))
#15 C:\\Users\\maean\\OneDrive\\Desktop\\Documents\\GitHub\\WebDev_GroupLab4\\vendor\\laravel\\framework\\src\\Illuminate\\Pipeline\\Pipeline.php(119): Illuminate\\Pipeline\\Pipeline->Illuminate\\Pipeline\\{closure}(Object(Illuminate\\Http\\Request))
#16 C:\\Users\\maean\\OneDrive\\Desktop\\Documents\\GitHub\\WebDev_GroupLab4\\vendor\\laravel\\framework\\src\\Illuminate\\Routing\\Router.php(807): Illuminate\\Pipeline\\Pipeline->then(Object(Closure))
#17 C:\\Users\\maean\\OneDrive\\Desktop\\Documents\\GitHub\\WebDev_GroupLab4\\vendor\\laravel\\framework\\src\\Illuminate\\Routing\\Router.php(786): Illuminate\\Routing\\Router->runRouteWithinStack(Object(Illuminate\\Routing\\Route), Object(Illuminate\\Http\\Request))
#18 C:\\Users\\maean\\OneDrive\\Desktop\\Documents\\GitHub\\WebDev_GroupLab4\\vendor\\laravel\\framework\\src\\Illuminate\\Routing\\Router.php(750): Illuminate\\Routing\\Router->runRoute(Object(Illuminate\\Http\\Request), Object(Illuminate\\Routing\\Route))
#19 C:\\Users\\maean\\OneDrive\\Desktop\\Documents\\GitHub\\WebDev_GroupLab4\\vendor\\laravel\\framework\\src\\Illuminate\\Routing\\Router.php(739): Illuminate\\Routing\\Router->dispatchToRoute(Object(Illuminate\\Http\\Request))
#20 C:\\Users\\maean\\OneDrive\\Desktop\\Documents\\GitHub\\WebDev_GroupLab4\\vendor\\laravel\\framework\\src\\Illuminate\\Foundation\\Http\\Kernel.php(201): Illuminate\\Routing\\Router->dispatch(Object(Illuminate\\Http\\Request))
#21 C:\\Users\\maean\\OneDrive\\Desktop\\Documents\\GitHub\\WebDev_GroupLab4\\vendor\\laravel\\framework\\src\\Illuminate\\Pipeline\\Pipeline.php(144): Illuminate\\Foundation\\Http\\Kernel->Illuminate\\Foundation\\Http\\{closure}(Object(Illuminate\\Http\\Request))
#22 C:\\Users\\maean\\OneDrive\\Desktop\\Documents\\GitHub\\WebDev_GroupLab4\\vendor\\laravel\\framework\\src\\Illuminate\\Foundation\\Http\\Middleware\\TransformsRequest.php(21): Illuminate\\Pipeline\\Pipeline->Illuminate\\Pipeline\\{closure}(Object(Illuminate\\Http\\Request))
#23 C:\\Users\\maean\\OneDrive\\Desktop\\Documents\\GitHub\\WebDev_GroupLab4\\vendor\\laravel\\framework\\src\\Illuminate\\Foundation\\Http\\Middleware\\ConvertEmptyStringsToNull.php(31): Illuminate\\Foundation\\Http\\Middleware\\TransformsRequest->handle(Object(Illuminate\\Http\\Request), Object(Closure))
#24 C:\\Users\\maean\\OneDrive\\Desktop\\Documents\\GitHub\\WebDev_GroupLab4\\vendor\\laravel\\framework\\src\\Illuminate\\Pipeline\\Pipeline.php(183): Illuminate\\Foundation\\Http\\Middleware\\ConvertEmptyStringsToNull->handle(Object(Illuminate\\Http\\Request), Object(Closure))
#25 C:\\Users\\maean\\OneDrive\\Desktop\\Documents\\GitHub\\WebDev_GroupLab4\\vendor\\laravel\\framework\\src\\Illuminate\\Foundation\\Http\\Middleware\\TransformsRequest.php(21): Illuminate\\Pipeline\\Pipeline->Illuminate\\Pipeline\\{closure}(Object(Illuminate\\Http\\Request))
#26 C:\\Users\\maean\\OneDrive\\Desktop\\Documents\\GitHub\\WebDev_GroupLab4\\vendor\\laravel\\framework\\src\\Illuminate\\Foundation\\Http\\Middleware\\TrimStrings.php(51): Illuminate\\Foundation\\Http\\Middleware\\TransformsRequest->handle(Object(Illuminate\\Http\\Request), Object(Closure))
#27 C:\\Users\\maean\\OneDrive\\Desktop\\Documents\\GitHub\\WebDev_GroupLab4\\vendor\\laravel\\framework\\src\\Illuminate\\Pipeline\\Pipeline.php(183): Illuminate\\Foundation\\Http\\Middleware\\TrimStrings->handle(Object(Illuminate\\Http\\Request), Object(Closure))
#28 C:\\Users\\maean\\OneDrive\\Desktop\\Documents\\GitHub\\WebDev_GroupLab4\\vendor\\laravel\\framework\\src\\Illuminate\\Http\\Middleware\\ValidatePostSize.php(27): Illuminate\\Pipeline\\Pipeline->Illuminate\\Pipeline\\{closure}(Object(Illuminate\\Http\\Request))
#29 C:\\Users\\maean\\OneDrive\\Desktop\\Documents\\GitHub\\WebDev_GroupLab4\\vendor\\laravel\\framework\\src\\Illuminate\\Pipeline\\Pipeline.php(183): Illuminate\\Http\\Middleware\\ValidatePostSize->handle(Object(Illuminate\\Http\\Request), Object(Closure))
#30 C:\\Users\\maean\\OneDrive\\Desktop\\Documents\\GitHub\\WebDev_GroupLab4\\vendor\\laravel\\framework\\src\\Illuminate\\Foundation\\Http\\Middleware\\PreventRequestsDuringMaintenance.php(110): Illuminate\\Pipeline\\Pipeline->Illuminate\\Pipeline\\{closure}(Object(Illuminate\\Http\\Request))
#31 C:\\Users\\maean\\OneDrive\\Desktop\\Documents\\GitHub\\WebDev_GroupLab4\\vendor\\laravel\\framework\\src\\Illuminate\\Pipeline\\Pipeline.php(183): Illuminate\\Foundation\\Http\\Middleware\\PreventRequestsDuringMaintenance->handle(Object(Illuminate\\Http\\Request), Object(Closure))
#32 C:\\Users\\maean\\OneDrive\\Desktop\\Documents\\GitHub\\WebDev_GroupLab4\\vendor\\laravel\\framework\\src\\Illuminate\\Http\\Middleware\\HandleCors.php(49): Illuminate\\Pipeline\\Pipeline->Illuminate\\Pipeline\\{closure}(Object(Illuminate\\Http\\Request))
#33 C:\\Users\\maean\\OneDrive\\Desktop\\Documents\\GitHub\\WebDev_GroupLab4\\vendor\\laravel\\framework\\src\\Illuminate\\Pipeline\\Pipeline.php(183): Illuminate\\Http\\Middleware\\HandleCors->handle(Object(Illuminate\\Http\\Request), Object(Closure))
#34 C:\\Users\\maean\\OneDrive\\Desktop\\Documents\\GitHub\\WebDev_GroupLab4\\vendor\\laravel\\framework\\src\\Illuminate\\Http\\Middleware\\TrustProxies.php(57): Illuminate\\Pipeline\\Pipeline->Illuminate\\Pipeline\\{closure}(Object(Illuminate\\Http\\Request))
#35 C:\\Users\\maean\\OneDrive\\Desktop\\Documents\\GitHub\\WebDev_GroupLab4\\vendor\\laravel\\framework\\src\\Illuminate\\Pipeline\\Pipeline.php(183): Illuminate\\Http\\Middleware\\TrustProxies->handle(Object(Illuminate\\Http\\Request), Object(Closure))
#36 C:\\Users\\maean\\OneDrive\\Desktop\\Documents\\GitHub\\WebDev_GroupLab4\\vendor\\laravel\\framework\\src\\Illuminate\\Pipeline\\Pipeline.php(119): Illuminate\\Pipeline\\Pipeline->Illuminate\\Pipeline\\{closure}(Object(Illuminate\\Http\\Request))
#37 C:\\Users\\maean\\OneDrive\\Desktop\\Documents\\GitHub\\WebDev_GroupLab4\\vendor\\laravel\\framework\\src\\Illuminate\\Foundation\\Http\\Kernel.php(176): Illuminate\\Pipeline\\Pipeline->then(Object(Closure))
#38 C:\\Users\\maean\\OneDrive\\Desktop\\Documents\\GitHub\\WebDev_GroupLab4\\vendor\\laravel\\framework\\src\\Illuminate\\Foundation\\Http\\Kernel.php(145): Illuminate\\Foundation\\Http\\Kernel->sendRequestThroughRouter(Object(Illuminate\\Http\\Request))
#39 C:\\Users\\maean\\OneDrive\\Desktop\\Documents\\GitHub\\WebDev_GroupLab4\\vendor\\laravel\\framework\\src\\Illuminate\\Foundation\\Application.php(1188): Illuminate\\Foundation\\Http\\Kernel->handle(Object(Illuminate\\Http\\Request))
#40 C:\\Users\\maean\\OneDrive\\Desktop\\Documents\\GitHub\\WebDev_GroupLab4\\public\\index.php(17): Illuminate\\Foundation\\Application->handleRequest(Object(Illuminate\\Http\\Request))
#41 C:\\Users\\maean\\OneDrive\\Desktop\\Documents\\GitHub\\WebDev_GroupLab4\\vendor\\laravel\\framework\\src\\Illuminate\\Foundation\\resources\\server.php(23): require_once('C:\\\\Users\\\\maean\\\\...')
#42 {main}
"} 
[2024-10-06 21:47:46] local.ERROR: 5 arguments are required, 4 given {"exception":"[object] (ArgumentCountError(code: 0): 5 arguments are required, 4 given at C:\\Users\\maean\\OneDrive\\Desktop\\Documents\\GitHub\\WebDev_GroupLab4\\app\\Http\\Middleware\\LogRequests.php:20)
[stacktrace]
#0 C:\\Users\\maean\\OneDrive\\Desktop\\Documents\\GitHub\\WebDev_GroupLab4\\app\\Http\\Middleware\\LogRequests.php(20): sprintf('[%s] %s: %s, Ag...', '2024-10-06 21:4...', 'GET', 'http://127.0.0....')
#1 C:\\Users\\maean\\OneDrive\\Desktop\\Documents\\GitHub\\WebDev_GroupLab4\\vendor\\laravel\\framework\\src\\Illuminate\\Foundation\\Http\\Kernel.php(261): App\\Http\\Middleware\\LogRequests->terminate(Object(Illuminate\\Http\\Request), Object(Illuminate\\Http\\Response))
#2 C:\\Users\\maean\\OneDrive\\Desktop\\Documents\\GitHub\\WebDev_GroupLab4\\vendor\\laravel\\framework\\src\\Illuminate\\Foundation\\Http\\Kernel.php(216): Illuminate\\Foundation\\Http\\Kernel->terminateMiddleware(Object(Illuminate\\Http\\Request), Object(Illuminate\\Http\\Response))
#3 C:\\Users\\maean\\OneDrive\\Desktop\\Documents\\GitHub\\WebDev_GroupLab4\\vendor\\laravel\\framework\\src\\Illuminate\\Foundation\\Application.php(1190): Illuminate\\Foundation\\Http\\Kernel->terminate(Object(Illuminate\\Http\\Request), Object(Illuminate\\Http\\Response))
#4 C:\\Users\\maean\\OneDrive\\Desktop\\Documents\\GitHub\\WebDev_GroupLab4\\public\\index.php(17): Illuminate\\Foundation\\Application->handleRequest(Object(Illuminate\\Http\\Request))
#5 C:\\Users\\maean\\OneDrive\\Desktop\\Documents\\GitHub\\WebDev_GroupLab4\\vendor\\laravel\\framework\\src\\Illuminate\\Foundation\\resources\\server.php(23): require_once('C:\\\\Users\\\\maean\\\\...')
#6 {main}
"} 
[2024-10-06 21:54:20] local.ERROR: 5 arguments are required, 4 given {"exception":"[object] (ArgumentCountError(code: 0): 5 arguments are required, 4 given at C:\\Users\\maean\\OneDrive\\Desktop\\Documents\\GitHub\\WebDev_GroupLab4\\app\\Http\\Middleware\\LogRequests.php:20)
[stacktrace]
#0 C:\\Users\\maean\\OneDrive\\Desktop\\Documents\\GitHub\\WebDev_GroupLab4\\app\\Http\\Middleware\\LogRequests.php(20): sprintf('[%s] %s: %s, Ag...', '2024-10-06 21:5...', 'GET', 'http://127.0.0....')
#1 C:\\Users\\maean\\OneDrive\\Desktop\\Documents\\GitHub\\WebDev_GroupLab4\\vendor\\laravel\\framework\\src\\Illuminate\\Foundation\\Http\\Kernel.php(261): App\\Http\\Middleware\\LogRequests->terminate(Object(Illuminate\\Http\\Request), Object(Illuminate\\Http\\Response))
#2 C:\\Users\\maean\\OneDrive\\Desktop\\Documents\\GitHub\\WebDev_GroupLab4\\vendor\\laravel\\framework\\src\\Illuminate\\Foundation\\Http\\Kernel.php(216): Illuminate\\Foundation\\Http\\Kernel->terminateMiddleware(Object(Illuminate\\Http\\Request), Object(Illuminate\\Http\\Response))
#3 C:\\Users\\maean\\OneDrive\\Desktop\\Documents\\GitHub\\WebDev_GroupLab4\\vendor\\laravel\\framework\\src\\Illuminate\\Foundation\\Application.php(1190): Illuminate\\Foundation\\Http\\Kernel->terminate(Object(Illuminate\\Http\\Request), Object(Illuminate\\Http\\Response))
#4 C:\\Users\\maean\\OneDrive\\Desktop\\Documents\\GitHub\\WebDev_GroupLab4\\public\\index.php(17): Illuminate\\Foundation\\Application->handleRequest(Object(Illuminate\\Http\\Request))
#5 C:\\Users\\maean\\OneDrive\\Desktop\\Documents\\GitHub\\WebDev_GroupLab4\\vendor\\laravel\\framework\\src\\Illuminate\\Foundation\\resources\\server.php(23): require_once('C:\\\\Users\\\\maean\\\\...')
#6 {main}
"} 
[2024-10-06 21:54:37] local.ERROR: 5 arguments are required, 4 given {"exception":"[object] (ArgumentCountError(code: 0): 5 arguments are required, 4 given at C:\\Users\\maean\\OneDrive\\Desktop\\Documents\\GitHub\\WebDev_GroupLab4\\app\\Http\\Middleware\\LogRequests.php:20)
[stacktrace]
#0 C:\\Users\\maean\\OneDrive\\Desktop\\Documents\\GitHub\\WebDev_GroupLab4\\app\\Http\\Middleware\\LogRequests.php(20): sprintf('[%s] %s: %s, Ag...', '2024-10-06 21:5...', 'GET', 'http://127.0.0....')
#1 C:\\Users\\maean\\OneDrive\\Desktop\\Documents\\GitHub\\WebDev_GroupLab4\\vendor\\laravel\\framework\\src\\Illuminate\\Foundation\\Http\\Kernel.php(261): App\\Http\\Middleware\\LogRequests->terminate(Object(Illuminate\\Http\\Request), Object(Illuminate\\Http\\Response))
#2 C:\\Users\\maean\\OneDrive\\Desktop\\Documents\\GitHub\\WebDev_GroupLab4\\vendor\\laravel\\framework\\src\\Illuminate\\Foundation\\Http\\Kernel.php(216): Illuminate\\Foundation\\Http\\Kernel->terminateMiddleware(Object(Illuminate\\Http\\Request), Object(Illuminate\\Http\\Response))
#3 C:\\Users\\maean\\OneDrive\\Desktop\\Documents\\GitHub\\WebDev_GroupLab4\\vendor\\laravel\\framework\\src\\Illuminate\\Foundation\\Application.php(1190): Illuminate\\Foundation\\Http\\Kernel->terminate(Object(Illuminate\\Http\\Request), Object(Illuminate\\Http\\Response))
#4 C:\\Users\\maean\\OneDrive\\Desktop\\Documents\\GitHub\\WebDev_GroupLab4\\public\\index.php(17): Illuminate\\Foundation\\Application->handleRequest(Object(Illuminate\\Http\\Request))
#5 C:\\Users\\maean\\OneDrive\\Desktop\\Documents\\GitHub\\WebDev_GroupLab4\\vendor\\laravel\\framework\\src\\Illuminate\\Foundation\\resources\\server.php(23): require_once('C:\\\\Users\\\\maean\\\\...')
#6 {main}
"} 
[2024-10-06 21:54:52] local.ERROR: 5 arguments are required, 4 given {"exception":"[object] (ArgumentCountError(code: 0): 5 arguments are required, 4 given at C:\\Users\\maean\\OneDrive\\Desktop\\Documents\\GitHub\\WebDev_GroupLab4\\app\\Http\\Middleware\\LogRequests.php:20)
[stacktrace]
#0 C:\\Users\\maean\\OneDrive\\Desktop\\Documents\\GitHub\\WebDev_GroupLab4\\app\\Http\\Middleware\\LogRequests.php(20): sprintf('[%s] %s: %s, Ag...', '2024-10-06 21:5...', 'GET', 'http://127.0.0....')
#1 C:\\Users\\maean\\OneDrive\\Desktop\\Documents\\GitHub\\WebDev_GroupLab4\\vendor\\laravel\\framework\\src\\Illuminate\\Foundation\\Http\\Kernel.php(261): App\\Http\\Middleware\\LogRequests->terminate(Object(Illuminate\\Http\\Request), Object(Illuminate\\Http\\Response))
#2 C:\\Users\\maean\\OneDrive\\Desktop\\Documents\\GitHub\\WebDev_GroupLab4\\vendor\\laravel\\framework\\src\\Illuminate\\Foundation\\Http\\Kernel.php(216): Illuminate\\Foundation\\Http\\Kernel->terminateMiddleware(Object(Illuminate\\Http\\Request), Object(Illuminate\\Http\\Response))
#3 C:\\Users\\maean\\OneDrive\\Desktop\\Documents\\GitHub\\WebDev_GroupLab4\\vendor\\laravel\\framework\\src\\Illuminate\\Foundation\\Application.php(1190): Illuminate\\Foundation\\Http\\Kernel->terminate(Object(Illuminate\\Http\\Request), Object(Illuminate\\Http\\Response))
#4 C:\\Users\\maean\\OneDrive\\Desktop\\Documents\\GitHub\\WebDev_GroupLab4\\public\\index.php(17): Illuminate\\Foundation\\Application->handleRequest(Object(Illuminate\\Http\\Request))
#5 C:\\Users\\maean\\OneDrive\\Desktop\\Documents\\GitHub\\WebDev_GroupLab4\\vendor\\laravel\\framework\\src\\Illuminate\\Foundation\\resources\\server.php(23): require_once('C:\\\\Users\\\\maean\\\\...')
#6 {main}
"} 
[2024-10-06 21:55:14] local.ERROR: 5 arguments are required, 4 given {"exception":"[object] (ArgumentCountError(code: 0): 5 arguments are required, 4 given at C:\\Users\\maean\\OneDrive\\Desktop\\Documents\\GitHub\\WebDev_GroupLab4\\app\\Http\\Middleware\\LogRequests.php:20)
[stacktrace]
#0 C:\\Users\\maean\\OneDrive\\Desktop\\Documents\\GitHub\\WebDev_GroupLab4\\app\\Http\\Middleware\\LogRequests.php(20): sprintf('[%s] %s: %s, Ag...', '2024-10-06 21:5...', 'GET', 'http://127.0.0....')
#1 C:\\Users\\maean\\OneDrive\\Desktop\\Documents\\GitHub\\WebDev_GroupLab4\\vendor\\laravel\\framework\\src\\Illuminate\\Foundation\\Http\\Kernel.php(261): App\\Http\\Middleware\\LogRequests->terminate(Object(Illuminate\\Http\\Request), Object(Illuminate\\Http\\Response))
#2 C:\\Users\\maean\\OneDrive\\Desktop\\Documents\\GitHub\\WebDev_GroupLab4\\vendor\\laravel\\framework\\src\\Illuminate\\Foundation\\Http\\Kernel.php(216): Illuminate\\Foundation\\Http\\Kernel->terminateMiddleware(Object(Illuminate\\Http\\Request), Object(Illuminate\\Http\\Response))
#3 C:\\Users\\maean\\OneDrive\\Desktop\\Documents\\GitHub\\WebDev_GroupLab4\\vendor\\laravel\\framework\\src\\Illuminate\\Foundation\\Application.php(1190): Illuminate\\Foundation\\Http\\Kernel->terminate(Object(Illuminate\\Http\\Request), Object(Illuminate\\Http\\Response))
#4 C:\\Users\\maean\\OneDrive\\Desktop\\Documents\\GitHub\\WebDev_GroupLab4\\public\\index.php(17): Illuminate\\Foundation\\Application->handleRequest(Object(Illuminate\\Http\\Request))
#5 C:\\Users\\maean\\OneDrive\\Desktop\\Documents\\GitHub\\WebDev_GroupLab4\\vendor\\laravel\\framework\\src\\Illuminate\\Foundation\\resources\\server.php(23): require_once('C:\\\\Users\\\\maean\\\\...')
#6 {main}
"} 
[2024-10-06 21:55:15] local.ERROR: 5 arguments are required, 4 given {"exception":"[object] (ArgumentCountError(code: 0): 5 arguments are required, 4 given at C:\\Users\\maean\\OneDrive\\Desktop\\Documents\\GitHub\\WebDev_GroupLab4\\app\\Http\\Middleware\\LogRequests.php:20)
[stacktrace]
#0 C:\\Users\\maean\\OneDrive\\Desktop\\Documents\\GitHub\\WebDev_GroupLab4\\app\\Http\\Middleware\\LogRequests.php(20): sprintf('[%s] %s: %s, Ag...', '2024-10-06 21:5...', 'GET', 'http://127.0.0....')
#1 C:\\Users\\maean\\OneDrive\\Desktop\\Documents\\GitHub\\WebDev_GroupLab4\\vendor\\laravel\\framework\\src\\Illuminate\\Foundation\\Http\\Kernel.php(261): App\\Http\\Middleware\\LogRequests->terminate(Object(Illuminate\\Http\\Request), Object(Illuminate\\Http\\Response))
#2 C:\\Users\\maean\\OneDrive\\Desktop\\Documents\\GitHub\\WebDev_GroupLab4\\vendor\\laravel\\framework\\src\\Illuminate\\Foundation\\Http\\Kernel.php(216): Illuminate\\Foundation\\Http\\Kernel->terminateMiddleware(Object(Illuminate\\Http\\Request), Object(Illuminate\\Http\\Response))
#3 C:\\Users\\maean\\OneDrive\\Desktop\\Documents\\GitHub\\WebDev_GroupLab4\\vendor\\laravel\\framework\\src\\Illuminate\\Foundation\\Application.php(1190): Illuminate\\Foundation\\Http\\Kernel->terminate(Object(Illuminate\\Http\\Request), Object(Illuminate\\Http\\Response))
#4 C:\\Users\\maean\\OneDrive\\Desktop\\Documents\\GitHub\\WebDev_GroupLab4\\public\\index.php(17): Illuminate\\Foundation\\Application->handleRequest(Object(Illuminate\\Http\\Request))
#5 C:\\Users\\maean\\OneDrive\\Desktop\\Documents\\GitHub\\WebDev_GroupLab4\\vendor\\laravel\\framework\\src\\Illuminate\\Foundation\\resources\\server.php(23): require_once('C:\\\\Users\\\\maean\\\\...')
#6 {main}
"} 
[2024-10-06 21:55:17] local.ERROR: 5 arguments are required, 4 given {"exception":"[object] (ArgumentCountError(code: 0): 5 arguments are required, 4 given at C:\\Users\\maean\\OneDrive\\Desktop\\Documents\\GitHub\\WebDev_GroupLab4\\app\\Http\\Middleware\\LogRequests.php:20)
[stacktrace]
#0 C:\\Users\\maean\\OneDrive\\Desktop\\Documents\\GitHub\\WebDev_GroupLab4\\app\\Http\\Middleware\\LogRequests.php(20): sprintf('[%s] %s: %s, Ag...', '2024-10-06 21:5...', 'GET', 'http://127.0.0....')
#1 C:\\Users\\maean\\OneDrive\\Desktop\\Documents\\GitHub\\WebDev_GroupLab4\\vendor\\laravel\\framework\\src\\Illuminate\\Foundation\\Http\\Kernel.php(261): App\\Http\\Middleware\\LogRequests->terminate(Object(Illuminate\\Http\\Request), Object(Illuminate\\Http\\Response))
#2 C:\\Users\\maean\\OneDrive\\Desktop\\Documents\\GitHub\\WebDev_GroupLab4\\vendor\\laravel\\framework\\src\\Illuminate\\Foundation\\Http\\Kernel.php(216): Illuminate\\Foundation\\Http\\Kernel->terminateMiddleware(Object(Illuminate\\Http\\Request), Object(Illuminate\\Http\\Response))
#3 C:\\Users\\maean\\OneDrive\\Desktop\\Documents\\GitHub\\WebDev_GroupLab4\\vendor\\laravel\\framework\\src\\Illuminate\\Foundation\\Application.php(1190): Illuminate\\Foundation\\Http\\Kernel->terminate(Object(Illuminate\\Http\\Request), Object(Illuminate\\Http\\Response))
#4 C:\\Users\\maean\\OneDrive\\Desktop\\Documents\\GitHub\\WebDev_GroupLab4\\public\\index.php(17): Illuminate\\Foundation\\Application->handleRequest(Object(Illuminate\\Http\\Request))
#5 C:\\Users\\maean\\OneDrive\\Desktop\\Documents\\GitHub\\WebDev_GroupLab4\\vendor\\laravel\\framework\\src\\Illuminate\\Foundation\\resources\\server.php(23): require_once('C:\\\\Users\\\\maean\\\\...')
#6 {main}
"} 
[2024-10-06 21:55:19] local.ERROR: 5 arguments are required, 4 given {"exception":"[object] (ArgumentCountError(code: 0): 5 arguments are required, 4 given at C:\\Users\\maean\\OneDrive\\Desktop\\Documents\\GitHub\\WebDev_GroupLab4\\app\\Http\\Middleware\\LogRequests.php:20)
[stacktrace]
#0 C:\\Users\\maean\\OneDrive\\Desktop\\Documents\\GitHub\\WebDev_GroupLab4\\app\\Http\\Middleware\\LogRequests.php(20): sprintf('[%s] %s: %s, Ag...', '2024-10-06 21:5...', 'GET', 'http://127.0.0....')
#1 C:\\Users\\maean\\OneDrive\\Desktop\\Documents\\GitHub\\WebDev_GroupLab4\\vendor\\laravel\\framework\\src\\Illuminate\\Foundation\\Http\\Kernel.php(261): App\\Http\\Middleware\\LogRequests->terminate(Object(Illuminate\\Http\\Request), Object(Illuminate\\Http\\Response))
#2 C:\\Users\\maean\\OneDrive\\Desktop\\Documents\\GitHub\\WebDev_GroupLab4\\vendor\\laravel\\framework\\src\\Illuminate\\Foundation\\Http\\Kernel.php(216): Illuminate\\Foundation\\Http\\Kernel->terminateMiddleware(Object(Illuminate\\Http\\Request), Object(Illuminate\\Http\\Response))
#3 C:\\Users\\maean\\OneDrive\\Desktop\\Documents\\GitHub\\WebDev_GroupLab4\\vendor\\laravel\\framework\\src\\Illuminate\\Foundation\\Application.php(1190): Illuminate\\Foundation\\Http\\Kernel->terminate(Object(Illuminate\\Http\\Request), Object(Illuminate\\Http\\Response))
#4 C:\\Users\\maean\\OneDrive\\Desktop\\Documents\\GitHub\\WebDev_GroupLab4\\public\\index.php(17): Illuminate\\Foundation\\Application->handleRequest(Object(Illuminate\\Http\\Request))
#5 C:\\Users\\maean\\OneDrive\\Desktop\\Documents\\GitHub\\WebDev_GroupLab4\\vendor\\laravel\\framework\\src\\Illuminate\\Foundation\\resources\\server.php(23): require_once('C:\\\\Users\\\\maean\\\\...')
#6 {main}
"} 
[2024-10-06 21:56:18] local.ERROR: Array to string conversion {"exception":"[object] (ErrorException(code: 0): Array to string conversion at C:\\Users\\maean\\OneDrive\\Desktop\\Documents\\GitHub\\WebDev_GroupLab4\\app\\Http\\Middleware\\LogRequests.php:20)
[stacktrace]
#0 C:\\Users\\maean\\OneDrive\\Desktop\\Documents\\GitHub\\WebDev_GroupLab4\\vendor\\laravel\\framework\\src\\Illuminate\\Foundation\\Bootstrap\\HandleExceptions.php(256): Illuminate\\Foundation\\Bootstrap\\HandleExceptions->handleError(2, 'Array to string...', 'C:\\\\Users\\\\maean\\\\...', 20)
#1 [internal function]: Illuminate\\Foundation\\Bootstrap\\HandleExceptions->Illuminate\\Foundation\\Bootstrap\\{closure}(2, 'Array to string...', 'C:\\\\Users\\\\maean\\\\...', 20)
#2 C:\\Users\\maean\\OneDrive\\Desktop\\Documents\\GitHub\\WebDev_GroupLab4\\app\\Http\\Middleware\\LogRequests.php(20): sprintf('[%s] %s: %s, Ag...', '2024-10-06 21:5...', 'GET', 'http://127.0.0....', Array)
#3 C:\\Users\\maean\\OneDrive\\Desktop\\Documents\\GitHub\\WebDev_GroupLab4\\vendor\\laravel\\framework\\src\\Illuminate\\Foundation\\Http\\Kernel.php(261): App\\Http\\Middleware\\LogRequests->terminate(Object(Illuminate\\Http\\Request), Object(Illuminate\\Http\\Response))
#4 C:\\Users\\maean\\OneDrive\\Desktop\\Documents\\GitHub\\WebDev_GroupLab4\\vendor\\laravel\\framework\\src\\Illuminate\\Foundation\\Http\\Kernel.php(216): Illuminate\\Foundation\\Http\\Kernel->terminateMiddleware(Object(Illuminate\\Http\\Request), Object(Illuminate\\Http\\Response))
#5 C:\\Users\\maean\\OneDrive\\Desktop\\Documents\\GitHub\\WebDev_GroupLab4\\vendor\\laravel\\framework\\src\\Illuminate\\Foundation\\Application.php(1190): Illuminate\\Foundation\\Http\\Kernel->terminate(Object(Illuminate\\Http\\Request), Object(Illuminate\\Http\\Response))
#6 C:\\Users\\maean\\OneDrive\\Desktop\\Documents\\GitHub\\WebDev_GroupLab4\\public\\index.php(17): Illuminate\\Foundation\\Application->handleRequest(Object(Illuminate\\Http\\Request))
#7 C:\\Users\\maean\\OneDrive\\Desktop\\Documents\\GitHub\\WebDev_GroupLab4\\vendor\\laravel\\framework\\src\\Illuminate\\Foundation\\resources\\server.php(23): require_once('C:\\\\Users\\\\maean\\\\...')
#8 {main}
"} 
[2024-10-06 21:56:19] local.ERROR: Array to string conversion {"exception":"[object] (ErrorException(code: 0): Array to string conversion at C:\\Users\\maean\\OneDrive\\Desktop\\Documents\\GitHub\\WebDev_GroupLab4\\app\\Http\\Middleware\\LogRequests.php:20)
[stacktrace]
#0 C:\\Users\\maean\\OneDrive\\Desktop\\Documents\\GitHub\\WebDev_GroupLab4\\vendor\\laravel\\framework\\src\\Illuminate\\Foundation\\Bootstrap\\HandleExceptions.php(256): Illuminate\\Foundation\\Bootstrap\\HandleExceptions->handleError(2, 'Array to string...', 'C:\\\\Users\\\\maean\\\\...', 20)
#1 [internal function]: Illuminate\\Foundation\\Bootstrap\\HandleExceptions->Illuminate\\Foundation\\Bootstrap\\{closure}(2, 'Array to string...', 'C:\\\\Users\\\\maean\\\\...', 20)
#2 C:\\Users\\maean\\OneDrive\\Desktop\\Documents\\GitHub\\WebDev_GroupLab4\\app\\Http\\Middleware\\LogRequests.php(20): sprintf('[%s] %s: %s, Ag...', '2024-10-06 21:5...', 'GET', 'http://127.0.0....', Array)
#3 C:\\Users\\maean\\OneDrive\\Desktop\\Documents\\GitHub\\WebDev_GroupLab4\\vendor\\laravel\\framework\\src\\Illuminate\\Foundation\\Http\\Kernel.php(261): App\\Http\\Middleware\\LogRequests->terminate(Object(Illuminate\\Http\\Request), Object(Illuminate\\Http\\Response))
#4 C:\\Users\\maean\\OneDrive\\Desktop\\Documents\\GitHub\\WebDev_GroupLab4\\vendor\\laravel\\framework\\src\\Illuminate\\Foundation\\Http\\Kernel.php(216): Illuminate\\Foundation\\Http\\Kernel->terminateMiddleware(Object(Illuminate\\Http\\Request), Object(Illuminate\\Http\\Response))
#5 C:\\Users\\maean\\OneDrive\\Desktop\\Documents\\GitHub\\WebDev_GroupLab4\\vendor\\laravel\\framework\\src\\Illuminate\\Foundation\\Application.php(1190): Illuminate\\Foundation\\Http\\Kernel->terminate(Object(Illuminate\\Http\\Request), Object(Illuminate\\Http\\Response))
#6 C:\\Users\\maean\\OneDrive\\Desktop\\Documents\\GitHub\\WebDev_GroupLab4\\public\\index.php(17): Illuminate\\Foundation\\Application->handleRequest(Object(Illuminate\\Http\\Request))
#7 C:\\Users\\maean\\OneDrive\\Desktop\\Documents\\GitHub\\WebDev_GroupLab4\\vendor\\laravel\\framework\\src\\Illuminate\\Foundation\\resources\\server.php(23): require_once('C:\\\\Users\\\\maean\\\\...')
#8 {main}
"} 
[2024-10-06 21:56:19] local.ERROR: Array to string conversion {"exception":"[object] (ErrorException(code: 0): Array to string conversion at C:\\Users\\maean\\OneDrive\\Desktop\\Documents\\GitHub\\WebDev_GroupLab4\\app\\Http\\Middleware\\LogRequests.php:20)
[stacktrace]
#0 C:\\Users\\maean\\OneDrive\\Desktop\\Documents\\GitHub\\WebDev_GroupLab4\\vendor\\laravel\\framework\\src\\Illuminate\\Foundation\\Bootstrap\\HandleExceptions.php(256): Illuminate\\Foundation\\Bootstrap\\HandleExceptions->handleError(2, 'Array to string...', 'C:\\\\Users\\\\maean\\\\...', 20)
#1 [internal function]: Illuminate\\Foundation\\Bootstrap\\HandleExceptions->Illuminate\\Foundation\\Bootstrap\\{closure}(2, 'Array to string...', 'C:\\\\Users\\\\maean\\\\...', 20)
#2 C:\\Users\\maean\\OneDrive\\Desktop\\Documents\\GitHub\\WebDev_GroupLab4\\app\\Http\\Middleware\\LogRequests.php(20): sprintf('[%s] %s: %s, Ag...', '2024-10-06 21:5...', 'GET', 'http://127.0.0....', Array)
#3 C:\\Users\\maean\\OneDrive\\Desktop\\Documents\\GitHub\\WebDev_GroupLab4\\vendor\\laravel\\framework\\src\\Illuminate\\Foundation\\Http\\Kernel.php(261): App\\Http\\Middleware\\LogRequests->terminate(Object(Illuminate\\Http\\Request), Object(Illuminate\\Http\\Response))
#4 C:\\Users\\maean\\OneDrive\\Desktop\\Documents\\GitHub\\WebDev_GroupLab4\\vendor\\laravel\\framework\\src\\Illuminate\\Foundation\\Http\\Kernel.php(216): Illuminate\\Foundation\\Http\\Kernel->terminateMiddleware(Object(Illuminate\\Http\\Request), Object(Illuminate\\Http\\Response))
#5 C:\\Users\\maean\\OneDrive\\Desktop\\Documents\\GitHub\\WebDev_GroupLab4\\vendor\\laravel\\framework\\src\\Illuminate\\Foundation\\Application.php(1190): Illuminate\\Foundation\\Http\\Kernel->terminate(Object(Illuminate\\Http\\Request), Object(Illuminate\\Http\\Response))
#6 C:\\Users\\maean\\OneDrive\\Desktop\\Documents\\GitHub\\WebDev_GroupLab4\\public\\index.php(17): Illuminate\\Foundation\\Application->handleRequest(Object(Illuminate\\Http\\Request))
#7 C:\\Users\\maean\\OneDrive\\Desktop\\Documents\\GitHub\\WebDev_GroupLab4\\vendor\\laravel\\framework\\src\\Illuminate\\Foundation\\resources\\server.php(23): require_once('C:\\\\Users\\\\maean\\\\...')
#8 {main}
"} 
[2024-10-06 21:56:20] local.ERROR: Array to string conversion {"exception":"[object] (ErrorException(code: 0): Array to string conversion at C:\\Users\\maean\\OneDrive\\Desktop\\Documents\\GitHub\\WebDev_GroupLab4\\app\\Http\\Middleware\\LogRequests.php:20)
[stacktrace]
#0 C:\\Users\\maean\\OneDrive\\Desktop\\Documents\\GitHub\\WebDev_GroupLab4\\vendor\\laravel\\framework\\src\\Illuminate\\Foundation\\Bootstrap\\HandleExceptions.php(256): Illuminate\\Foundation\\Bootstrap\\HandleExceptions->handleError(2, 'Array to string...', 'C:\\\\Users\\\\maean\\\\...', 20)
#1 [internal function]: Illuminate\\Foundation\\Bootstrap\\HandleExceptions->Illuminate\\Foundation\\Bootstrap\\{closure}(2, 'Array to string...', 'C:\\\\Users\\\\maean\\\\...', 20)
#2 C:\\Users\\maean\\OneDrive\\Desktop\\Documents\\GitHub\\WebDev_GroupLab4\\app\\Http\\Middleware\\LogRequests.php(20): sprintf('[%s] %s: %s, Ag...', '2024-10-06 21:5...', 'GET', 'http://127.0.0....', Array)
#3 C:\\Users\\maean\\OneDrive\\Desktop\\Documents\\GitHub\\WebDev_GroupLab4\\vendor\\laravel\\framework\\src\\Illuminate\\Foundation\\Http\\Kernel.php(261): App\\Http\\Middleware\\LogRequests->terminate(Object(Illuminate\\Http\\Request), Object(Illuminate\\Http\\Response))
#4 C:\\Users\\maean\\OneDrive\\Desktop\\Documents\\GitHub\\WebDev_GroupLab4\\vendor\\laravel\\framework\\src\\Illuminate\\Foundation\\Http\\Kernel.php(216): Illuminate\\Foundation\\Http\\Kernel->terminateMiddleware(Object(Illuminate\\Http\\Request), Object(Illuminate\\Http\\Response))
#5 C:\\Users\\maean\\OneDrive\\Desktop\\Documents\\GitHub\\WebDev_GroupLab4\\vendor\\laravel\\framework\\src\\Illuminate\\Foundation\\Application.php(1190): Illuminate\\Foundation\\Http\\Kernel->terminate(Object(Illuminate\\Http\\Request), Object(Illuminate\\Http\\Response))
#6 C:\\Users\\maean\\OneDrive\\Desktop\\Documents\\GitHub\\WebDev_GroupLab4\\public\\index.php(17): Illuminate\\Foundation\\Application->handleRequest(Object(Illuminate\\Http\\Request))
#7 C:\\Users\\maean\\OneDrive\\Desktop\\Documents\\GitHub\\WebDev_GroupLab4\\vendor\\laravel\\framework\\src\\Illuminate\\Foundation\\resources\\server.php(23): require_once('C:\\\\Users\\\\maean\\\\...')
#8 {main}
"} 
[2024-10-06 21:56:20] local.ERROR: Array to string conversion {"exception":"[object] (ErrorException(code: 0): Array to string conversion at C:\\Users\\maean\\OneDrive\\Desktop\\Documents\\GitHub\\WebDev_GroupLab4\\app\\Http\\Middleware\\LogRequests.php:20)
[stacktrace]
#0 C:\\Users\\maean\\OneDrive\\Desktop\\Documents\\GitHub\\WebDev_GroupLab4\\vendor\\laravel\\framework\\src\\Illuminate\\Foundation\\Bootstrap\\HandleExceptions.php(256): Illuminate\\Foundation\\Bootstrap\\HandleExceptions->handleError(2, 'Array to string...', 'C:\\\\Users\\\\maean\\\\...', 20)
#1 [internal function]: Illuminate\\Foundation\\Bootstrap\\HandleExceptions->Illuminate\\Foundation\\Bootstrap\\{closure}(2, 'Array to string...', 'C:\\\\Users\\\\maean\\\\...', 20)
#2 C:\\Users\\maean\\OneDrive\\Desktop\\Documents\\GitHub\\WebDev_GroupLab4\\app\\Http\\Middleware\\LogRequests.php(20): sprintf('[%s] %s: %s, Ag...', '2024-10-06 21:5...', 'GET', 'http://127.0.0....', Array)
#3 C:\\Users\\maean\\OneDrive\\Desktop\\Documents\\GitHub\\WebDev_GroupLab4\\vendor\\laravel\\framework\\src\\Illuminate\\Foundation\\Http\\Kernel.php(261): App\\Http\\Middleware\\LogRequests->terminate(Object(Illuminate\\Http\\Request), Object(Illuminate\\Http\\Response))
#4 C:\\Users\\maean\\OneDrive\\Desktop\\Documents\\GitHub\\WebDev_GroupLab4\\vendor\\laravel\\framework\\src\\Illuminate\\Foundation\\Http\\Kernel.php(216): Illuminate\\Foundation\\Http\\Kernel->terminateMiddleware(Object(Illuminate\\Http\\Request), Object(Illuminate\\Http\\Response))
#5 C:\\Users\\maean\\OneDrive\\Desktop\\Documents\\GitHub\\WebDev_GroupLab4\\vendor\\laravel\\framework\\src\\Illuminate\\Foundation\\Application.php(1190): Illuminate\\Foundation\\Http\\Kernel->terminate(Object(Illuminate\\Http\\Request), Object(Illuminate\\Http\\Response))
#6 C:\\Users\\maean\\OneDrive\\Desktop\\Documents\\GitHub\\WebDev_GroupLab4\\public\\index.php(17): Illuminate\\Foundation\\Application->handleRequest(Object(Illuminate\\Http\\Request))
#7 C:\\Users\\maean\\OneDrive\\Desktop\\Documents\\GitHub\\WebDev_GroupLab4\\vendor\\laravel\\framework\\src\\Illuminate\\Foundation\\resources\\server.php(23): require_once('C:\\\\Users\\\\maean\\\\...')
#8 {main}
"} 
[2024-10-06 21:56:20] local.ERROR: Array to string conversion {"exception":"[object] (ErrorException(code: 0): Array to string conversion at C:\\Users\\maean\\OneDrive\\Desktop\\Documents\\GitHub\\WebDev_GroupLab4\\app\\Http\\Middleware\\LogRequests.php:20)
[stacktrace]
#0 C:\\Users\\maean\\OneDrive\\Desktop\\Documents\\GitHub\\WebDev_GroupLab4\\vendor\\laravel\\framework\\src\\Illuminate\\Foundation\\Bootstrap\\HandleExceptions.php(256): Illuminate\\Foundation\\Bootstrap\\HandleExceptions->handleError(2, 'Array to string...', 'C:\\\\Users\\\\maean\\\\...', 20)
#1 [internal function]: Illuminate\\Foundation\\Bootstrap\\HandleExceptions->Illuminate\\Foundation\\Bootstrap\\{closure}(2, 'Array to string...', 'C:\\\\Users\\\\maean\\\\...', 20)
#2 C:\\Users\\maean\\OneDrive\\Desktop\\Documents\\GitHub\\WebDev_GroupLab4\\app\\Http\\Middleware\\LogRequests.php(20): sprintf('[%s] %s: %s, Ag...', '2024-10-06 21:5...', 'GET', 'http://127.0.0....', Array)
#3 C:\\Users\\maean\\OneDrive\\Desktop\\Documents\\GitHub\\WebDev_GroupLab4\\vendor\\laravel\\framework\\src\\Illuminate\\Foundation\\Http\\Kernel.php(261): App\\Http\\Middleware\\LogRequests->terminate(Object(Illuminate\\Http\\Request), Object(Illuminate\\Http\\Response))
#4 C:\\Users\\maean\\OneDrive\\Desktop\\Documents\\GitHub\\WebDev_GroupLab4\\vendor\\laravel\\framework\\src\\Illuminate\\Foundation\\Http\\Kernel.php(216): Illuminate\\Foundation\\Http\\Kernel->terminateMiddleware(Object(Illuminate\\Http\\Request), Object(Illuminate\\Http\\Response))
#5 C:\\Users\\maean\\OneDrive\\Desktop\\Documents\\GitHub\\WebDev_GroupLab4\\vendor\\laravel\\framework\\src\\Illuminate\\Foundation\\Application.php(1190): Illuminate\\Foundation\\Http\\Kernel->terminate(Object(Illuminate\\Http\\Request), Object(Illuminate\\Http\\Response))
#6 C:\\Users\\maean\\OneDrive\\Desktop\\Documents\\GitHub\\WebDev_GroupLab4\\public\\index.php(17): Illuminate\\Foundation\\Application->handleRequest(Object(Illuminate\\Http\\Request))
#7 C:\\Users\\maean\\OneDrive\\Desktop\\Documents\\GitHub\\WebDev_GroupLab4\\vendor\\laravel\\framework\\src\\Illuminate\\Foundation\\resources\\server.php(23): require_once('C:\\\\Users\\\\maean\\\\...')
#8 {main}
"} 
[2024-10-06 22:05:59] local.ERROR: 5 arguments are required, 4 given {"exception":"[object] (ArgumentCountError(code: 0): 5 arguments are required, 4 given at C:\\Users\\maean\\OneDrive\\Desktop\\Documents\\GitHub\\WebDev_GroupLab4\\app\\Http\\Middleware\\LogRequests.php:20)
[stacktrace]
#0 C:\\Users\\maean\\OneDrive\\Desktop\\Documents\\GitHub\\WebDev_GroupLab4\\app\\Http\\Middleware\\LogRequests.php(20): sprintf('[%s] %s: %s, Ag...', '2024-10-06 22:0...', 'GET', 'http://127.0.0....')
#1 C:\\Users\\maean\\OneDrive\\Desktop\\Documents\\GitHub\\WebDev_GroupLab4\\vendor\\laravel\\framework\\src\\Illuminate\\Foundation\\Http\\Kernel.php(261): App\\Http\\Middleware\\LogRequests->terminate(Object(Illuminate\\Http\\Request), Object(Illuminate\\Http\\Response))
#2 C:\\Users\\maean\\OneDrive\\Desktop\\Documents\\GitHub\\WebDev_GroupLab4\\vendor\\laravel\\framework\\src\\Illuminate\\Foundation\\Http\\Kernel.php(216): Illuminate\\Foundation\\Http\\Kernel->terminateMiddleware(Object(Illuminate\\Http\\Request), Object(Illuminate\\Http\\Response))
#3 C:\\Users\\maean\\OneDrive\\Desktop\\Documents\\GitHub\\WebDev_GroupLab4\\vendor\\laravel\\framework\\src\\Illuminate\\Foundation\\Application.php(1190): Illuminate\\Foundation\\Http\\Kernel->terminate(Object(Illuminate\\Http\\Request), Object(Illuminate\\Http\\Response))
#4 C:\\Users\\maean\\OneDrive\\Desktop\\Documents\\GitHub\\WebDev_GroupLab4\\public\\index.php(17): Illuminate\\Foundation\\Application->handleRequest(Object(Illuminate\\Http\\Request))
#5 C:\\Users\\maean\\OneDrive\\Desktop\\Documents\\GitHub\\WebDev_GroupLab4\\vendor\\laravel\\framework\\src\\Illuminate\\Foundation\\resources\\server.php(23): require_once('C:\\\\Users\\\\maean\\\\...')
#6 {main}
"} 
[2024-10-06 22:06:15] local.ERROR: 5 arguments are required, 4 given {"exception":"[object] (ArgumentCountError(code: 0): 5 arguments are required, 4 given at C:\\Users\\maean\\OneDrive\\Desktop\\Documents\\GitHub\\WebDev_GroupLab4\\app\\Http\\Middleware\\LogRequests.php:20)
[stacktrace]
#0 C:\\Users\\maean\\OneDrive\\Desktop\\Documents\\GitHub\\WebDev_GroupLab4\\app\\Http\\Middleware\\LogRequests.php(20): sprintf('[%s] %s: %s, Ag...', '2024-10-06 22:0...', 'GET', 'http://127.0.0....')
#1 C:\\Users\\maean\\OneDrive\\Desktop\\Documents\\GitHub\\WebDev_GroupLab4\\vendor\\laravel\\framework\\src\\Illuminate\\Foundation\\Http\\Kernel.php(261): App\\Http\\Middleware\\LogRequests->terminate(Object(Illuminate\\Http\\Request), Object(Illuminate\\Http\\Response))
#2 C:\\Users\\maean\\OneDrive\\Desktop\\Documents\\GitHub\\WebDev_GroupLab4\\vendor\\laravel\\framework\\src\\Illuminate\\Foundation\\Http\\Kernel.php(216): Illuminate\\Foundation\\Http\\Kernel->terminateMiddleware(Object(Illuminate\\Http\\Request), Object(Illuminate\\Http\\Response))
#3 C:\\Users\\maean\\OneDrive\\Desktop\\Documents\\GitHub\\WebDev_GroupLab4\\vendor\\laravel\\framework\\src\\Illuminate\\Foundation\\Application.php(1190): Illuminate\\Foundation\\Http\\Kernel->terminate(Object(Illuminate\\Http\\Request), Object(Illuminate\\Http\\Response))
#4 C:\\Users\\maean\\OneDrive\\Desktop\\Documents\\GitHub\\WebDev_GroupLab4\\public\\index.php(17): Illuminate\\Foundation\\Application->handleRequest(Object(Illuminate\\Http\\Request))
#5 C:\\Users\\maean\\OneDrive\\Desktop\\Documents\\GitHub\\WebDev_GroupLab4\\vendor\\laravel\\framework\\src\\Illuminate\\Foundation\\resources\\server.php(23): require_once('C:\\\\Users\\\\maean\\\\...')
#6 {main}
"} 
